TN:
SF:src/usecases/ports/user-repository.ts
FN:1,(empty-report)
FNF:1
FNH:0
FNDA:0,(empty-report)
DA:1,0
DA:2,0
DA:3,0
DA:4,0
DA:5,0
DA:6,0
DA:7,0
DA:8,0
LF:8
LH:0
BRDA:1,0,0,0
BRF:1
BRH:0
end_of_record
TN:
SF:src/usecases/register-user-on-mailing-list/user-data.ts
FN:1,(empty-report)
FNF:1
FNH:0
FNDA:0,(empty-report)
DA:1,0
DA:2,0
DA:3,0
DA:4,0
LF:4
LH:0
BRDA:1,0,0,0
BRF:1
BRH:0
end_of_record
TN:
SF:src/usecases/register-user-on-mailing-list/repository/in-memory-user-repository.ts
FN:7,InMemoryUserRepository
FN:11,add
FN:15,findUserByEmail
FN:20,findAllUsers
FN:24,exists
FNF:5
FNH:4
FNDA:3,InMemoryUserRepository
FNDA:1,add
FNDA:2,findUserByEmail
FNDA:1,findAllUsers
FNDA:0,exists
DA:1,1
DA:2,1
DA:3,1
DA:4,1
DA:5,1
DA:6,1
DA:7,1
DA:8,3
DA:9,3
DA:10,1
DA:11,1
DA:12,1
DA:13,1
DA:14,1
DA:15,1
DA:16,2
DA:17,2
DA:18,2
DA:19,1
DA:20,1
DA:21,1
DA:22,1
DA:23,1
DA:24,1
DA:25,0
DA:26,0
DA:27,1
LF:27
LH:25
BRDA:7,0,0,3
BRDA:11,1,0,1
BRDA:15,2,0,2
BRDA:17,3,0,1
BRDA:16,4,0,1
BRDA:20,5,0,1
BRF:6
BRH:6
end_of_record
