TN:
SF:src/usecases/ports/user-repository.ts
FN:1,(empty-report)
FNF:1
FNH:0
FNDA:0,(empty-report)
DA:1,0
DA:2,0
DA:3,0
DA:4,0
DA:5,0
DA:6,0
DA:7,0
DA:8,0
LF:8
LH:0
BRDA:1,0,0,0
BRF:1
BRH:0
end_of_record
TN:
SF:src/usecases/register-user-on-mailing-list/user-data.ts
FN:1,(empty-report)
FNF:1
FNH:0
FNDA:0,(empty-report)
DA:1,0
DA:2,0
DA:3,0
DA:4,0
LF:4
LH:0
BRDA:1,0,0,0
BRF:1
BRH:0
end_of_record
TN:
SF:src/usecases/register-user-on-mailing-list/repository/in-memory-user-repository.ts
FN:7,InMemoryUserRepository
FN:11,add
FN:15,findUserByEmail
FN:19,findAllUsers
FN:23,exists
FNF:5
FNH:2
FNDA:1,InMemoryUserRepository
FNDA:0,add
FNDA:1,findUserByEmail
FNDA:0,findAllUsers
FNDA:0,exists
DA:1,1
DA:2,1
DA:3,1
DA:4,1
DA:5,1
DA:6,1
DA:7,1
DA:8,1
DA:9,1
DA:10,1
DA:11,1
DA:12,0
DA:13,0
DA:14,1
DA:15,1
DA:16,1
DA:17,1
DA:18,1
DA:19,1
DA:20,0
DA:21,0
DA:22,1
DA:23,1
DA:24,0
DA:25,0
DA:26,1
LF:26
LH:20
BRDA:7,0,0,1
BRDA:15,1,0,1
BRF:2
BRH:2
end_of_record
